Build started 2016-02-29 오전 7:11:35.
     1>Project "C:\GitHub\WinLect\Solution01\MFC01\MFC01.vcxproj" on node 2 (build target(s)).
     1>InitializeBuildStatus:
         Creating "Debug\MFC01.unsuccessfulbuild" because "AlwaysCreate" was specified.
       ClCompile:
         All outputs are up-to-date.
         C:\Program Files (x86)\Microsoft Visual Studio 10.0\VC\bin\CL.exe /c /ZI /nologo /W3 /WX- /Od /Oy- /D WIN32 /D _WINDOWS /D _DEBUG /D _UNICODE /D UNICODE /D _AFXDLL /Gm /EHsc /RTC1 /MDd /GS /fp:precise /Zc:wchar_t /Zc:forScope /Yu"StdAfx.h" /Fp"Debug\MFC01.pch" /Fo"Debug\\" /Fd"Debug\vc100.pdb" /Gd /TP /analyze- /errorReport:prompt MFC01.cpp MFC01Dlg.cpp
         건너뛰고 있습니다... (관련된 변경 내용 없음)
         MFC01Dlg.cpp
         MFC01.cpp
       ResourceCompile:
         c:\Program Files (x86)\Microsoft SDKs\Windows\v7.0A\bin\rc.exe /D _DEBUG /D _UNICODE /D UNICODE /D _AFXDLL /l"0x0412" /IDebug\ /nologo /fo"Debug\MFC01.res" MFC01.rc 
       ManifestResourceCompile:
         All outputs are up-to-date.
       Link:
         C:\Program Files (x86)\Microsoft Visual Studio 10.0\VC\bin\link.exe /ERRORREPORT:PROMPT /OUT:"C:\GitHub\WinLect\Solution01\Debug\MFC01.exe" /INCREMENTAL /NOLOGO /MANIFEST /ManifestFile:"Debug\MFC01.exe.intermediate.manifest" /MANIFESTUAC:"level='asInvoker' uiAccess='false'" /DEBUG /PDB:"C:\GitHub\WinLect\Solution01\Debug\MFC01.pdb" /SUBSYSTEM:WINDOWS /TLBID:1 /ENTRY:"wWinMainCRTStartup" /DYNAMICBASE /NXCOMPAT /IMPLIB:"C:\GitHub\WinLect\Solution01\Debug\MFC01.lib" /MACHINE:X86 Debug\MFC01.res
         Debug\MFC01.exe.embed.manifest.res
         Debug\MFC01.obj
         Debug\MFC01Dlg.obj
         Debug\stdafx.obj
       Manifest:
         c:\Program Files (x86)\Microsoft SDKs\Windows\v7.0A\bin\mt.exe /nologo /verbose /out:"Debug\MFC01.exe.embed.manifest" /manifest Debug\MFC01.exe.intermediate.manifest "C:\Program Files (x86)\Microsoft Visual Studio 10.0\VC\Include\Manifest\dpiaware.manifest"
         All outputs are up-to-date.
       LinkEmbedManifest:
         All outputs are up-to-date.
         MFC01.vcxproj -> C:\GitHub\WinLect\Solution01\Debug\MFC01.exe
       FinalizeBuildStatus:
         Deleting file "Debug\MFC01.unsuccessfulbuild".
         Touching "Debug\MFC01.lastbuildstate".
     1>Done Building Project "C:\GitHub\WinLect\Solution01\MFC01\MFC01.vcxproj" (build target(s)).

빌드했습니다.

Time Elapsed 00:00:00.48
